<?xml version="1.0" encoding="UTF-8"?>
<testng-results ignored="0" total="1" passed="1" failed="0" skipped="0">
  <reporter-output>
  </reporter-output>
  <suite started-at="2023-09-02T23:12:05 EDT" name="Default suite" finished-at="2023-09-02T23:12:07 EDT" duration-ms="2536">
    <groups>
    </groups>
    <test started-at="2023-09-02T23:12:05 EDT" name="Default test" finished-at="2023-09-02T23:12:07 EDT" duration-ms="2536">
      <class name="FirstTestCase">
        <test-method signature="firstTestCase()[pri:0, instance:FirstTestCase@f78a47e]" started-at="2023-09-02T23:12:05 EDT" name="firstTestCase" finished-at="2023-09-02T23:12:07 EDT" duration-ms="2501" status="PASS">
          <reporter-output>
          </reporter-output>
        </test-method> <!-- firstTestCase -->
      </class> <!-- FirstTestCase -->
    </test> <!-- Default test -->
  </suite> <!-- Default suite -->
</testng-results>
